INFO:__main__:Request block split
INFO:__main__:Header block split
INFO:__main__:Request block split
INFO:__main__:Header block split
INFO:__main__:Request block split ['Username: simplechat:azu@gmail.comReceiver: simplechat:okom@gmail.comContent-Type: textEncoding: utf8Metho: REGISTER']
INFO:__main__:Header block split ['Username: simplechat:azu@gmail.comReceiver: simplechat:okom@gmail.comContent-Type: textEncoding: utf8Metho: REGISTER']
INFO:__main__:Request block split ['Username: simplechat:azu@gmail.comReceiver: simplechat:okom@gmail.comContent-Type: textEncoding: utf8Metho: REGISTERhello there, I see you']
INFO:__main__:Header block split ['Username: simplechat:azu@gmail.comReceiver: simplechat:okom@gmail.comContent-Type: textEncoding: utf8Metho: REGISTERhello there, I see you']
INFO:__main__:Request block split ['Username: simplechat:azu@gmail.com\r\nReceiver: simplechat:okom@gmail.com\r\nContent-Type: text\r\nEncoding: utf8\r\nMetho: REGISTER', 'hello there, I see you\r\n']
INFO:__main__:Header block split ['Username: simplechat:azu@gmail.com', 'Receiver: simplechat:okom@gmail.com', 'Content-Type: text', 'Encoding: utf8', 'Metho: REGISTER']
INFO:__main__:Request block split ['Username: simplechat:azu@gmail.com\r\nReceiver: simplechat:okom@gmail.com\r\nContent-Type: text\r\nEncoding: utf8\r\nMetho: REGISTER', 'hello there, I see you']
INFO:__main__:Header block split ['Username: simplechat:azu@gmail.com', 'Receiver: simplechat:okom@gmail.com', 'Content-Type: text', 'Encoding: utf8', 'Metho: REGISTER']
INFO:__main__:Request block split ['Username: simplechat:azu@gmail.com\r\nReceiver: simplechat:okom@gmail.com\r\nContent-Type: text\r\nEncoding: utf8\r\nMetho: REGISTER', 'hello there, I see you']
INFO:__main__:Header block split ['Username: simplechat:azu@gmail.com', 'Receiver: simplechat:okom@gmail.com', 'Content-Type: text', 'Encoding: utf8', 'Metho: REGISTER']
ERROR:__main__:
INFO:__main__:Request block split ['Username: simplechat:azu@gmail.com\r\nReceiver: simplechat:okom@gmail.com\r\nContent-Type: text\r\nEncoding: utf8\r\nMetho: REGISTER', 'hello there, I see you']
INFO:__main__:Header block split ['Username: simplechat:azu@gmail.com', 'Receiver: simplechat:okom@gmail.com', 'Content-Type: text', 'Encoding: utf8', 'Metho: REGISTER']
INFO:__main__:
INFO:__main__:Request block split ['Username: simplechat:azu@gmail.com\r\nReceiver: simplechat:okom@gmail.com\r\nContent-Type: text\r\nEncoding: utf8\r\nMetho: REGISTER', 'hello there, I see you']
INFO:__main__:Header block split ['Username: simplechat:azu@gmail.com', 'Receiver: simplechat:okom@gmail.com', 'Content-Type: text', 'Encoding: utf8', 'Metho: REGISTER']
INFO:__main__:Request block split ['Username: simplechat:azu@gmail.com\r\nReceiver: simplechat:okom@gmail.com\r\nContent-Type: text\r\nEncoding: utf8\r\nMetho: REGISTER', 'hello there, I see you']
INFO:__main__:Header block split ['Username: simplechat:azu@gmail.com', 'Receiver: simplechat:okom@gmail.com', 'Content-Type: text', 'Encoding: utf8', 'Metho: REGISTER']
INFO:__main__:Request block split ['Username: simplechat:azu@gmail.com\r\nReceiver: simplechat:okom@gmail.com\r\nContent-Type: text\r\nEncoding: utf8\r\nMetho: REGISTER', 'hello there, I see you']
INFO:__main__:Header block split ['Username: simplechat:azu@gmail.com', 'Receiver: simplechat:okom@gmail.com', 'Content-Type: text', 'Encoding: utf8', 'Metho: REGISTER']
INFO:__main__:Request block split ['Username: simplechat:azu@gmail.com\r\nReceiver: simplechat:okom@gmail.com\r\nContent-Type: text\r\nEncoding: utf8\r\nMetho: REGISTER', 'hello there, I see you']
INFO:__main__:Header block split ['Username: simplechat:azu@gmail.com', 'Receiver: simplechat:okom@gmail.com', 'Content-Type: text', 'Encoding: utf8', 'Metho: REGISTER']
ERROR:__main__:ParseError: Parsing failed. Check Headers and their values
INFO:__main__:Request block split ['Username: simplechat:azu@gmail.com\r\nReceiver: simplechat:okom@gmail.com\r\nContent-Type: text\r\nEncoding: utf8\r\nMetho: REGISTER', 'hello there I see you']
INFO:__main__:Header block split ['Username: simplechat:azu@gmail.com', 'Receiver: simplechat:okom@gmail.com', 'Content-Type: text', 'Encoding: utf8', 'Metho: REGISTER']
ERROR:__main__:ParseError: Parsing failed. Check Headers and their values
INFO:__main__:Request block split ['Username: simplechat:azu@gmail.com\r\nReceiver: simplechat:okom@gmail.com\r\nContent-Type: text\r\nEncoding: utf8\r\nMethod: REGISTER', 'hello there I see you']
INFO:__main__:Header block split ['Username: simplechat:azu@gmail.com', 'Receiver: simplechat:okom@gmail.com', 'Content-Type: text', 'Encoding: utf8', 'Method: REGISTER']
ERROR:__main__:ParseError: Parsing failed. Check Headers and their values
INFO:__main__:Request block split ['Username: simplechat:azu@gmail.com\r\nReceiver: simplechat:okom@gmail.com\r\nContent-Type: text\r\nEncoding: utf8\r\nMethod: REGISTER', 'hello there I see you']
INFO:__main__:Header block split ['Username: simplechat:azu@gmail.com', 'Receiver: simplechat:okom@gmail.com', 'Content-Type: text', 'Encoding: utf8', 'Method: REGISTER']
ERROR:__main__:ParseError: Parsing failed. Check Headers and their values
INFO:__main__:Request block split ['Username: simplechat:azu@gmail.com\r\nReceiver: simplechat:okom@gmail.com\r\nContent-Type: text\r\nEncoding: utf8\r\nMethod: REGISTER', '']
INFO:__main__:Header block split ['Username: simplechat:azu@gmail.com', 'Receiver: simplechat:okom@gmail.com', 'Content-Type: text', 'Encoding: utf8', 'Method: REGISTER']
ERROR:__main__:ParseError: Parsing failed. Check Headers and their values
INFO:__main__:Request block split ['Username: simplechat:azu@gmail.com\nReceiver: simplechat:okom@gmail.com\nContent-Type: text\nEncoding: utf8\nMethod: REGISTER\n\nhello there']
INFO:__main__:Header block split ['Username: simplechat:azu@gmail.com\nReceiver: simplechat:okom@gmail.com\nContent-Type: text\nEncoding: utf8\nMethod: REGISTER\n\nhello there']
INFO:__main__:Request block split ['Username: simplechat:azu@gmail.com\nReceiver: simplechat:okom@gmail.com\nContent-Type: text\nEncoding: utf8\nMethod: REGISTER\n\nhello there']
INFO:__main__:Header block split ['Username: simplechat:azu@gmail.com\nReceiver: simplechat:okom@gmail.com\nContent-Type: text\nEncoding: utf8\nMethod: REGISTER\n\nhello there']
INFO:__main__:Request block split ['Username: simplechat:azu@gmail.com\nReceiver: simplechat:okom@gmail.com\nContent-Type: text\nEncoding: utf8\nMethod: REGISTER', 'hello there']
INFO:__main__:Header block split ['Username: simplechat:azu@gmail.com', 'Receiver: simplechat:okom@gmail.com', 'Content-Type: text', 'Encoding: utf8', 'Method: REGISTER']
ERROR:__main__:ParseError: Parsing failed. Check Headers and their values
INFO:__main__:Request block split ['Username: simplechat:azu@gmail.com\nReceiver: simplechat:okom@gmail.com\nContent-Type: text\nEncoding: utf8\nMethod: REGISTER', 'hello there']
INFO:__main__:Header block split ['Username: simplechat:azu@gmail.com', 'Receiver: simplechat:okom@gmail.com', 'Content-Type: text', 'Encoding: utf8', 'Method: REGISTER']
ERROR:__main__:ParseError: Parsing failed. Check Headers and their values
INFO:__main__:Request block split ['Username: simplechat:azu@gmail.com\nReceiver: simplechat:okom@gmail.com\nContent-Type: text\nEncoding: utf8\nMethod: REGISTER', 'hello there']
INFO:__main__:Header block split ['Username: simplechat:azu@gmail.com', 'Receiver: simplechat:okom@gmail.com', 'Content-Type: text', 'Encoding: utf8', 'Method: REGISTER']
ERROR:__main__:ParseError: Parsing failed. Check Headers and their values
INFO:__main__:Request block split ['Username: simplechat:azu@gmail.com\nReceiver: simplechat:okom@gmail.com\nContent-Type: text\nEncoding: utf8\nMethod: REGISTER', 'hello there']
INFO:__main__:Header block split ['Username: simplechat:azu@gmail.com', 'Receiver: simplechat:okom@gmail.com', 'Content-Type: text', 'Encoding: utf8', 'Method: REGISTER']
INFO:__main__:Request block split ['Username: simplechat:azu@gmail.com\nReceiver: simplechat:okom@gmail.com\nContent-Type: text\nEncoding: utf8\nMethod: REGISTER', 'hello there']
INFO:__main__:Header block split ['Username: simplechat:azu@gmail.com', 'Receiver: simplechat:okom@gmail.com', 'Content-Type: text', 'Encoding: utf8', 'Method: REGISTER']
INFO:__main__:Request block split ['Username: simplechat:azu@gmail.com\nReceiver: simplechat:okom@gmail.com\nContent-Type: text\nEncoding: utf8\nMethod: REGISTER', 'hello there']
INFO:__main__:Header block split ['Username: simplechat:azu@gmail.com', 'Receiver: simplechat:okom@gmail.com', 'Content-Type: text', 'Encoding: utf8', 'Method: REGISTER']
INFO:__main__:Request block split ['Username: simplechat:azu@gmail.com\nReceiver: simplechat:okom@gmail.com\nContent-Type: text\nEncoding: utf8\nMethod: REGISTER', 'hello there']
INFO:__main__:Header block split ['Username: simplechat:azu@gmail.com', 'Receiver: simplechat:okom@gmail.com', 'Content-Type: text', 'Encoding: utf8', 'Method: REGISTER']
INFO:__main__:Request block split ['Username: simplechat:azu@gmail.com\nReceiver: simplechat:okom@gmail.com\nContent-Type: text\nEncoding: utf8\nMethod: REGISTER', 'hello there']
INFO:__main__:Header block split ['Username: simplechat:azu@gmail.com', 'Receiver: simplechat:okom@gmail.com', 'Content-Type: text', 'Encoding: utf8', 'Method: REGISTER']
INFO:__main__:Request block split ['Username: simplechat:azu@gmail.com\nReceiver: simplechat:okom@gmail.com\nContent-Type: text\nEncoding: utf8\nMethod: REGISTER', 'hello there']
INFO:__main__:Header block split ['Username: simplechat:azu@gmail.com', 'Receiver: simplechat:okom@gmail.com', 'Content-Type: text', 'Encoding: utf8', 'Method: REGISTER']
INFO:__main__:Request block split ['Username: simplechat:azu@gmail.com\nReceiver: simplechat:okom@gmail.com\nContent-Type: text\nEncoding: utf8\nMethod: REGISTER', 'hello there']
INFO:__main__:Header block split ['Username: simplechat:azu@gmail.com', 'Receiver: simplechat:okom@gmail.com', 'Content-Type: text', 'Encoding: utf8', 'Method: REGISTER']
INFO:__main__:Request block split ['Username: simplechat:azu@gmail.com\nReceiver: simplechat:okom@gmail.com\nContent-Type: text\nEncoding: utf8\nMethod: REGISTER', 'hello there']
INFO:__main__:Header block split ['Username: simplechat:azu@gmail.com', 'Receiver: simplechat:okom@gmail.com', 'Content-Type: text', 'Encoding: utf8', 'Method: REGISTER']
INFO:__main__:Request block split ['Username: simplechat:azu@gmail.com\nReceiver: simplechat:okom@gmail.com\nContent-Type: text\nEncoding: utf8\nMethod: REGISTER', 'hello there']
INFO:__main__:Header block split ['Username: simplechat:azu@gmail.com', 'Receiver: simplechat:okom@gmail.com', 'Content-Type: text', 'Encoding: utf8', 'Method: REGISTER']
INFO:__main__:Request block split ['Username: simplechat:azu@gmail.com\nReceiver: simplechat:okom@gmail.com\nContent-Type: text\nEncoding: utf8\nMethod: REGISTER', 'hello there']
INFO:__main__:Header block split ['Username: simplechat:azu@gmail.com', 'Receiver: simplechat:okom@gmail.com', 'Content-Type: text', 'Encoding: utf8', 'Method: REGISTER']
INFO:__main__:Request block split ['Username: simplechat:azu@gmail.com\nReceiver: simplechat:okom@gmail.com\nContent-Type: text\nEncoding: utf8\nMethod: REGISTER', 'hello there']
INFO:__main__:Header block split ['Username: simplechat:azu@gmail.com', 'Receiver: simplechat:okom@gmail.com', 'Content-Type: text', 'Encoding: utf8', 'Method: REGISTER']
INFO:__main__:Request block split ['Username: simplechat:azu@gmail.com\nReceiver: simplechat:okom@gmail.com\nContent-Type: text\nEncoding: utf8\nMethod: REGISTER', 'hello there']
INFO:__main__:Header block split ['Username: simplechat:azu@gmail.com', 'Receiver: simplechat:okom@gmail.com', 'Content-Type: text', 'Encoding: utf8', 'Method: REGISTER']
INFO:__main__:Request block split ['Username: simplechat:azu@gmail.com\nReceiver: simplechat:okom@gmail.com\nContent-Type: text\nEncoding: utf8\nMethod: REGISTER', 'hello there']
INFO:__main__:Header block split ['Username: simplechat:azu@gmail.com', 'Receiver: simplechat:okom@gmail.com', 'Content-Type: text', 'Encoding: utf8', 'Method: REGISTER']
INFO:__main__:Request block split ['Username: simplechat:azu@gmail.com\nReceiver: simplechat:okom@gmail.com\nContent-Type: text\nEncoding: utf8\nMethod: REGISTER', 'hello there']
INFO:__main__:Header block split ['Username: simplechat:azu@gmail.com', 'Receiver: simplechat:okom@gmail.com', 'Content-Type: text', 'Encoding: utf8', 'Method: REGISTER']
INFO:__main__:Request block split ['Username: simplechat:azu@gmail.com\nReceiver: simplechat:okom@gmail.com\nContent-Type: text\nEncoding: utf8\nMethod: REGISTER', 'hello there']
INFO:__main__:Header block split ['Username: simplechat:azu@gmail.com', 'Receiver: simplechat:okom@gmail.com', 'Content-Type: text', 'Encoding: utf8', 'Method: REGISTER']
INFO:__main__:Request block split ['Username: simplechat:azu@gmail.com\nReceiver: simplechat:okom@gmail.com\nContent-Type: text\nEncoding: utf8\nMetho: REGISTER', 'hello there']
INFO:__main__:Header block split ['Username: simplechat:azu@gmail.com', 'Receiver: simplechat:okom@gmail.com', 'Content-Type: text', 'Encoding: utf8', 'Metho: REGISTER']
ERROR:__main__:ParseError: Parsing failed. Check Headers and their values
INFO:__main__:Request block split ['Username: simplechat:azu@gmail.com\nReceiver: simplechat:okom@gmail.com\nContent-Type: text\nEncoding: utf8\nMethod: REGISTER', 'hello there']
INFO:__main__:Header block split ['Username: simplechat:azu@gmail.com', 'Receiver: simplechat:okom@gmail.com', 'Content-Type: text', 'Encoding: utf8', 'Method: REGISTER']
INFO:__main__:Request block split ['Username: simplechat:azu@gmail.com\nReceiver: simplechat:okom@gmail.com\nContent-Type: text\nEncoding: utf8\nMethod: REGISTER', 'hello there']
INFO:__main__:Header block split ['Username: simplechat:azu@gmail.com', 'Receiver: simplechat:okom@gmail.com', 'Content-Type: text', 'Encoding: utf8', 'Method: REGISTER']
INFO:__main__:Request block split ['Username: simplechat:azu@gmail.com\nReceiver: simplechat:okom@gmail.com\nContent-Type: text\nEncoding: utf8\nMethod: REGISTER', 'hello there']
INFO:__main__:Header block split ['Username: simplechat:azu@gmail.com', 'Receiver: simplechat:okom@gmail.com', 'Content-Type: text', 'Encoding: utf8', 'Method: REGISTER']
